C51 COMPILER V9.60.7.0   MAIN                                                              02/03/2025 22:59:37 PAGE 1   


C51 COMPILER V9.60.7.0, COMPILATION OF MODULE MAIN
OBJECT MODULE PLACED IN .\Objects\main.obj
COMPILER INVOKED BY: C:\Keil_v5\C51\BIN\C51.EXE main.c OPTIMIZE(8,SPEED) BROWSE DEBUG OBJECTEXTEND PRINT(.\Listings\main
                    -.lst) TABS(2) OBJECT(.\Objects\main.obj)

line level    source

   1          #include <REGX52.H>
   2          
   3          #define CHARLIMIT 255
   4          #define N 5  // Max - 11, grafa virstones
   5          
   6          volatile unsigned int k = 0;
   7          volatile unsigned int i = 0;
   8          volatile unsigned int j = 0;
   9          
  10          volatile int d[N][N] = {
  11              {88, 11, 2, -44, 4},
  12              {9, -80, 1, 2, 13},
  13              {2, -1, 0, 1, 40},
  14              {83, -32, 124, 70, 1},
  15              {4, 13, -2, 1, 90}
  16          };
  17          
  18          void graf(void);
  19          
  20          void main(void)
  21          {
  22   1          while(1)
  23   1          {
  24   2               P1 = 0x01; // Turn ON all LED's connected to Port1
  25   2               graf();
  26   2               P1 = 0x00; // Turn OFF all LED's connected to Port1
  27   2               graf();
  28   2          }
  29   1      }
  30          
  31          void graf(void){
  32   1        for(k = 0; k < N; k++){
  33   2          for(i = 0; i < N; i++){
  34   3            for(j = 0; j < N; j++){
  35   4              if(d[i][k] != CHARLIMIT && d[k][j] != CHARLIMIT && d[i][k] + d[k][j] < d[i][j]){
  36   5                  d[i][j] = d[i][k] + d[k][j];
  37   5              }
  38   4            }
  39   3          }
  40   2        }
  41   1      }
  42          
  43          


MODULE INFORMATION:   STATIC OVERLAYABLE
   CODE SIZE        =    296    ----
   CONSTANT SIZE    =   ----    ----
   XDATA SIZE       =   ----    ----
   PDATA SIZE       =   ----    ----
   DATA SIZE        =     56    ----
   IDATA SIZE       =   ----    ----
   BIT SIZE         =   ----    ----
END OF MODULE INFORMATION.

C51 COMPILER V9.60.7.0   MAIN                                                              02/03/2025 22:59:37 PAGE 2   


C51 COMPILATION COMPLETE.  0 WARNING(S),  0 ERROR(S)
