C51 COMPILER V9.60.7.0   MAIN                                                              02/03/2025 22:53:57 PAGE 1   


C51 COMPILER V9.60.7.0, COMPILATION OF MODULE MAIN
OBJECT MODULE PLACED IN .\Objects\main.obj
COMPILER INVOKED BY: C:\Keil_v5\C51\BIN\C51.EXE main.c OPTIMIZE(8,SPEED) BROWSE DEBUG OBJECTEXTEND PRINT(.\Listings\main
                    -.lst) TABS(2) OBJECT(.\Objects\main.obj)

line level    source

   1          #include <REGX52.H>
   2          
   3          void bubble_sort(void);
   4          
   5          volatile int arr[25] = {
   6            148, 67, 253, 11, 36, 245, 0, 255, 127, 64,
   7            89, 50, 15, 99, 234, 128, 1, 200, 33, 90,
   8            55, 77, 123, 222, 187
   9          };
  10          volatile unsigned long pass, i, j;
  11          volatile unsigned int temp;
  12          
  13          void main(void)
  14          {
  15   1          while(1)
  16   1          {
  17   2               P1 = 0x01; // Turn ON all LED's connected to Port1
  18   2               bubble_sort();
  19   2               P1 = 0x00; // Turn OFF all LED's connected to Port1
  20   2               bubble_sort();
  21   2          }
  22   1      }
  23          
  24          void bubble_sort(void){
  25   1      
  26   1      
  27   1        for(pass = 0; pass < 25; pass++){
  28   2          for(i = 0; i < 25 - 1; i++){
  29   3            for(j = 0; j < 25 - i - 1; j++){
  30   4              if(arr[j] > arr[j+1]){
  31   5                temp = arr[j];
  32   5                arr[j] = arr[j+1];
  33   5                arr[j + 1] = temp;
  34   5              }
  35   4            }
  36   3          }
  37   2        }
  38   1      }


MODULE INFORMATION:   STATIC OVERLAYABLE
   CODE SIZE        =    334    ----
   CONSTANT SIZE    =   ----    ----
   XDATA SIZE       =   ----    ----
   PDATA SIZE       =   ----    ----
   DATA SIZE        =     64    ----
   IDATA SIZE       =   ----    ----
   BIT SIZE         =   ----    ----
END OF MODULE INFORMATION.


C51 COMPILATION COMPLETE.  0 WARNING(S),  0 ERROR(S)
